# JRE version: Java(TM) SE Runtime Environment (8.0_202-b08) (build 1.8.0_202-b08)
# Java VM: Java HotSpot(TM) 64-Bit Server VM (25.202-b08 mixed mode windows-amd64 compressed oops)
Heap:
 PSYoungGen      total 202240K, used 149362K [0x00000000d6000000, 0x00000000e4800000, 0x0000000100000000)
  eden space 191488K, 78% used [0x00000000d6000000,0x00000000df1dc838,0x00000000e1b00000)
  from space 10752K, 0% used [0x00000000e2600000,0x00000000e2600000,0x00000000e3080000)
  to   space 11264K, 0% used [0x00000000e1b00000,0x00000000e1b00000,0x00000000e2600000)
 ParOldGen       total 70656K, used 13369K [0x0000000082000000, 0x0000000086500000, 0x00000000d6000000)
  object space 70656K, 18% used [0x0000000082000000,0x0000000082d0e478,0x0000000086500000)
 Metaspace       used 39308K, capacity 41180K, committed 41256K, reserved 1085440K
  class space    used 5060K, capacity 5398K, committed 5424K, reserved 1048576K
GC Heap History (10 events):
Event: 3.312 GC heap before
{Heap before GC invocations=6 (full 1):
 PSYoungGen      total 70656K, used 5093K [0x00000000d6000000, 0x00000000df100000, 0x0000000100000000)
  eden space 65536K, 0% used [0x00000000d6000000,0x00000000d6000000,0x00000000da000000)
  from space 5120K, 99% used [0x00000000da000000,0x00000000da4f97e0,0x00000000da500000)
  to   space 8704K, 0% used [0x00000000de880000,0x00000000de880000,0x00000000df100000)
 ParOldGen       total 86016K, used 6414K [0x0000000082000000, 0x0000000087400000, 0x00000000d6000000)
  object space 86016K, 7% used [0x0000000082000000,0x0000000082643980,0x0000000087400000)
 Metaspace       used 20524K, capacity 21222K, committed 21296K, reserved 1067008K
  class space    used 2642K, capacity 2825K, committed 2864K, reserved 1048576K
Event: 3.343 GC heap after
Heap after GC invocations=6 (full 1):
 PSYoungGen      total 70656K, used 0K [0x00000000d6000000, 0x00000000df100000, 0x0000000100000000)
  eden space 65536K, 0% used [0x00000000d6000000,0x00000000d6000000,0x00000000da000000)
  from space 5120K, 0% used [0x00000000da000000,0x00000000da000000,0x00000000da500000)
  to   space 8704K, 0% used [0x00000000de880000,0x00000000de880000,0x00000000df100000)
 ParOldGen       total 49664K, used 5881K [0x0000000082000000, 0x0000000085080000, 0x00000000d6000000)
  object space 49664K, 11% used [0x0000000082000000,0x00000000825be6f0,0x0000000085080000)
 Metaspace       used 20522K, capacity 21216K, committed 21296K, reserved 1067008K
  class space    used 2641K, capacity 2824K, committed 2864K, reserved 1048576K
}
Event: 7.031 GC heap before
{Heap before GC invocations=7 (full 1):
 PSYoungGen      total 70656K, used 65536K [0x00000000d6000000, 0x00000000df100000, 0x0000000100000000)
  eden space 65536K, 100% used [0x00000000d6000000,0x00000000da000000,0x00000000da000000)
  from space 5120K, 0% used [0x00000000da000000,0x00000000da000000,0x00000000da500000)
  to   space 8704K, 0% used [0x00000000de880000,0x00000000de880000,0x00000000df100000)
 ParOldGen       total 49664K, used 5881K [0x0000000082000000, 0x0000000085080000, 0x00000000d6000000)
  object space 49664K, 11% used [0x0000000082000000,0x00000000825be6f0,0x0000000085080000)
 Metaspace       used 24167K, capacity 25152K, committed 25392K, reserved 1071104K
  class space    used 3140K, capacity 3350K, committed 3376K, reserved 1048576K
Event: 7.042 GC heap after
Heap after GC invocations=7 (full 1):
 PSYoungGen      total 119296K, used 5305K [0x00000000d6000000, 0x00000000dee00000, 0x0000000100000000)
  eden space 113664K, 0% used [0x00000000d6000000,0x00000000d6000000,0x00000000dcf00000)
  from space 5632K, 94% used [0x00000000de880000,0x00000000dedae670,0x00000000dee00000)
  to   space 8704K, 0% used [0x00000000ddd00000,0x00000000ddd00000,0x00000000de580000)
 ParOldGen       total 49664K, used 5889K [0x0000000082000000, 0x0000000085080000, 0x00000000d6000000)
  object space 49664K, 11% used [0x0000000082000000,0x00000000825c06f0,0x0000000085080000)
 Metaspace       used 24167K, capacity 25152K, committed 25392K, reserved 1071104K
  class space    used 3140K, capacity 3350K, committed 3376K, reserved 1048576K
}
Event: 10.499 GC heap before
{Heap before GC invocations=8 (full 1):
 PSYoungGen      total 119296K, used 118969K [0x00000000d6000000, 0x00000000dee00000, 0x0000000100000000)
  eden space 113664K, 100% used [0x00000000d6000000,0x00000000dcf00000,0x00000000dcf00000)
  from space 5632K, 94% used [0x00000000de880000,0x00000000dedae670,0x00000000dee00000)
  to   space 8704K, 0% used [0x00000000ddd00000,0x00000000ddd00000,0x00000000de580000)
 ParOldGen       total 49664K, used 5889K [0x0000000082000000, 0x0000000085080000, 0x00000000d6000000)
  object space 49664K, 11% used [0x0000000082000000,0x00000000825c06f0,0x0000000085080000)
 Metaspace       used 31410K, capacity 33016K, committed 33200K, reserved 1077248K
  class space    used 4164K, capacity 4438K, committed 4528K, reserved 1048576K
Event: 10.521 GC heap after
Heap after GC invocations=8 (full 1):
 PSYoungGen      total 136704K, used 8703K [0x00000000d6000000, 0x00000000e3080000, 0x0000000100000000)
  eden space 128000K, 0% used [0x00000000d6000000,0x00000000d6000000,0x00000000ddd00000)
  from space 8704K, 99% used [0x00000000ddd00000,0x00000000de57fd48,0x00000000de580000)
  to   space 10752K, 0% used [0x00000000e2600000,0x00000000e2600000,0x00000000e3080000)
 ParOldGen       total 49664K, used 8238K [0x0000000082000000, 0x0000000085080000, 0x00000000d6000000)
  object space 49664K, 16% used [0x0000000082000000,0x000000008280b870,0x0000000085080000)
 Metaspace       used 31410K, capacity 33016K, committed 33200K, reserved 1077248K
  class space    used 4164K, capacity 4438K, committed 4528K, reserved 1048576K
}
Event: 11.139 GC heap before
{Heap before GC invocations=9 (full 1):
 PSYoungGen      total 136704K, used 59760K [0x00000000d6000000, 0x00000000e3080000, 0x0000000100000000)
  eden space 128000K, 39% used [0x00000000d6000000,0x00000000d91dc2e8,0x00000000ddd00000)
  from space 8704K, 99% used [0x00000000ddd00000,0x00000000de57fd48,0x00000000de580000)
  to   space 10752K, 0% used [0x00000000e2600000,0x00000000e2600000,0x00000000e3080000)
 ParOldGen       total 49664K, used 8238K [0x0000000082000000, 0x0000000085080000, 0x00000000d6000000)
  object space 49664K, 16% used [0x0000000082000000,0x000000008280b870,0x0000000085080000)
 Metaspace       used 33836K, capacity 35434K, committed 35496K, reserved 1079296K
  class space    used 4428K, capacity 4739K, committed 4784K, reserved 1048576K
Event: 11.151 GC heap after
Heap after GC invocations=9 (full 1):
 PSYoungGen      total 202240K, used 9086K [0x00000000d6000000, 0x00000000e4800000, 0x0000000100000000)
  eden space 191488K, 0% used [0x00000000d6000000,0x00000000d6000000,0x00000000e1b00000)
  from space 10752K, 84% used [0x00000000e2600000,0x00000000e2edf838,0x00000000e3080000)
  to   space 11264K, 0% used [0x00000000e1b00000,0x00000000e1b00000,0x00000000e2600000)
 ParOldGen       total 49664K, used 8246K [0x0000000082000000, 0x0000000085080000, 0x00000000d6000000)
  object space 49664K, 16% used [0x0000000082000000,0x000000008280d870,0x0000000085080000)
 Metaspace       used 33836K, capacity 35434K, committed 35496K, reserved 1079296K
  class space    used 4428K, capacity 4739K, committed 4784K, reserved 1048576K
}
Event: 11.151 GC heap before
{Heap before GC invocations=10 (full 2):
 PSYoungGen      total 202240K, used 9086K [0x00000000d6000000, 0x00000000e4800000, 0x0000000100000000)
  eden space 191488K, 0% used [0x00000000d6000000,0x00000000d6000000,0x00000000e1b00000)
  from space 10752K, 84% used [0x00000000e2600000,0x00000000e2edf838,0x00000000e3080000)
  to   space 11264K, 0% used [0x00000000e1b00000,0x00000000e1b00000,0x00000000e2600000)
 ParOldGen       total 49664K, used 8246K [0x0000000082000000, 0x0000000085080000, 0x00000000d6000000)
  object space 49664K, 16% used [0x0000000082000000,0x000000008280d870,0x0000000085080000)
 Metaspace       used 33836K, capacity 35434K, committed 35496K, reserved 1079296K
  class space    used 4428K, capacity 4739K, committed 4784K, reserved 1048576K
Event: 11.216 GC heap after
Heap after GC invocations=10 (full 2):
 PSYoungGen      total 202240K, used 0K [0x00000000d6000000, 0x00000000e4800000, 0x0000000100000000)
  eden space 191488K, 0% used [0x00000000d6000000,0x00000000d6000000,0x00000000e1b00000)
  from space 10752K, 0% used [0x00000000e2600000,0x00000000e2600000,0x00000000e3080000)
  to   space 11264K, 0% used [0x00000000e1b00000,0x00000000e1b00000,0x00000000e2600000)
 ParOldGen       total 70656K, used 13369K [0x0000000082000000, 0x0000000086500000, 0x00000000d6000000)
  object space 70656K, 18% used [0x0000000082000000,0x0000000082d0e478,0x0000000086500000)
 Metaspace       used 33836K, capacity 35434K, committed 35496K, reserved 1079296K
  class space    used 4428K, capacity 4739K, committed 4784K, reserved 1048576K
}

